app/build/intermediates/manifest_merge_blame_file/debug/manifest-merger-blame-debug-report.txt
1<?xml version="1.0" encoding="utf-8"?>
2<manifest xmlns:android="http://schemas.android.com/apk/res/android"
3    package="com.example.ui123"
4    android:versionCode="1"
5    android:versionName="1.0" >
6
7    <uses-sdk
8        android:minSdkVersion="16"
8-->src\main\AndroidManifest.xml
9        android:targetSdkVersion="29" />
9-->src\main\AndroidManifest.xml
10
11    <uses-permission android:name="android.permission.BLUETOOTH" />
11-->src\main\AndroidManifest.xml:5:5-68
11-->src\main\AndroidManifest.xml:5:22-65
12
13    <application
13-->src\main\AndroidManifest.xml:6:5-25:19
14        android:allowBackup="true"
14-->src\main\AndroidManifest.xml:7:9-35
15        android:appComponentFactory="android.support.v4.app.CoreComponentFactory"
15-->[com.android.support:support-compat:28.0.0] AndroidManifest.xml:22:18-91
16        android:debuggable="true"
17        android:icon="@mipmap/ic_launcher"
17-->src\main\AndroidManifest.xml:8:9-43
18        android:label="@string/app_name"
18-->src\main\AndroidManifest.xml:9:9-41
19        android:roundIcon="@mipmap/ic_launcher_round"
19-->src\main\AndroidManifest.xml:10:9-54
20        android:supportsRtl="true"
20-->src\main\AndroidManifest.xml:11:9-35
21        android:testOnly="true"
22        android:theme="@style/Theme.Ui123" >
22-->src\main\AndroidManifest.xml:12:9-43
23        <activity android:name="com.example.ui123.activity_07" />
23-->src\main\AndroidManifest.xml:13:9-58
23-->src\main\AndroidManifest.xml:13:19-46
24        <activity android:name="com.example.ui123.activity_06" />
24-->src\main\AndroidManifest.xml:14:9-58
24-->src\main\AndroidManifest.xml:14:19-46
25        <activity android:name="com.example.ui123.activity_05" />
25-->src\main\AndroidManifest.xml:15:9-58
25-->src\main\AndroidManifest.xml:15:19-46
26        <activity android:name="com.example.ui123.Musicselect" />
26-->src\main\AndroidManifest.xml:16:9-58
26-->src\main\AndroidManifest.xml:16:19-46
27        <activity android:name="com.example.ui123.ui1" />
27-->src\main\AndroidManifest.xml:17:9-50
27-->src\main\AndroidManifest.xml:17:19-38
28        <activity android:name="com.example.ui123.MainActivity" >
28-->src\main\AndroidManifest.xml:18:9-24:20
28-->src\main\AndroidManifest.xml:18:19-47
29            <intent-filter>
29-->src\main\AndroidManifest.xml:19:13-23:29
30                <action android:name="android.intent.action.MAIN" />
30-->src\main\AndroidManifest.xml:20:17-69
30-->src\main\AndroidManifest.xml:20:25-66
31
32                <category android:name="android.intent.category.LAUNCHER" />
32-->src\main\AndroidManifest.xml:22:17-77
32-->src\main\AndroidManifest.xml:22:27-74
33            </intent-filter>
34        </activity>
35    </application>
36
37</manifest>